Command line:
   IFU_isim_beh.exe
     -simmode  gui
     -simrunnum  0
     -socket  51731

Mon Nov 16 20:37:42 2020


 Elaboration Time: 0.125 sec

 Current Memory Usage: 5814.31 Meg

 Total Signals          : 19
 Total Nets             : 81
 Total Signal Drivers   : 6
 Total Blocks           : 2
 Total Primitive Blocks : 2
 Total Processes        : 9
 Total Traceable Variables  : 20
 Total Scalar Nets and Variables : 32961
Total Line Count : 27

 Total Simulation Time: 0.15625 sec

 Current Memory Usage: 5814.31 Meg

Mon Nov 16 20:37:55 2020

