Command line:
   mips.exe
     -simmode  tcl
     -simrunnum  0
     -socket  51383

Sun Nov 29 17:27:20 2020


 Elaboration Time: 0.125 sec

 Current Memory Usage: 5790.32 Meg

 Total Signals          : 91
 Total Nets             : 414
 Total Signal Drivers   : 43
 Total Blocks           : 8
 Total Primitive Blocks : 6
 Total Processes        : 52
 Total Traceable Variables  : 10
 Total Scalar Nets and Variables : 132672
Total Line Count : 0

 Total Simulation Time: 0.140625 sec

 Current Memory Usage: 5790.32 Meg

Sun Nov 29 17:27:20 2020

