Command line:
   GRF_tb_isim_beh.exe
     -simmode  gui
     -simrunnum  0
     -socket  51777

Mon Nov 16 17:00:56 2020


 Elaboration Time: 0.046875 sec

 Current Memory Usage: 5814.84 Meg

 Total Signals          : 24
 Total Nets             : 127
 Total Signal Drivers   : 14
 Total Blocks           : 3
 Total Primitive Blocks : 2
 Total Processes        : 17
 Total Traceable Variables  : 27
 Total Scalar Nets and Variables : 1313
Total Line Count : 35

 Total Simulation Time: 0.046875 sec

 Current Memory Usage: 5814.84 Meg

Mon Nov 16 17:01:06 2020

