Command line:
   cpu_tb_isim_beh.exe
     -simmode  gui
     -simrunnum  0
     -socket  51963

Sun Nov 29 16:29:16 2020


 Elaboration Time: 0.109375 sec

 Current Memory Usage: 5813.26 Meg

 Total Signals          : 104
 Total Nets             : 427
 Total Signal Drivers   : 48
 Total Blocks           : 9
 Total Primitive Blocks : 7
 Total Processes        : 58
 Total Traceable Variables  : 28
 Total Scalar Nets and Variables : 67229
Total Line Count : 109

 Total Simulation Time: 0.25 sec

 Current Memory Usage: 4712.21 Meg

Sun Nov 29 16:43:43 2020

