ISim log file
Running: D:\ISE\cpu\cpu_tb_isim_beh.exe -intstyle ise -gui -tclbatch isim.cmd -wdb D:/ISE/cpu/cpu_tb_isim_beh.wdb 
ISim P.20131013 (signature 0x7708f090)
WARNING: A WEBPACK license was found.
WARNING: Please use Xilinx License Configuration Manager to check out a full ISim license.
WARNING: ISim will run in Lite mode. Please refer to the ISim documentation for more information on the differences between the Lite and the Full version.
This is a Lite version of ISim.
Time resolution is 1 ps
# onerror resume
# wave add /
# run 1000 ns
Simulator is doing circuit initialization process.
Finished circuit initialization process.
                  10@00003000: $16 <= 00000068
                  20@00003004: *00000004 <= 00000068
                  30@00003008: $16 <= 0000000c
                  40@0000300c: *00000008 <= 0000000c
                  50@00003010: $16 <= 0000005c
                  60@00003014: *0000000c <= 0000005c
                  70@00003018: $16 <= 00000050
                  80@0000301c: *00000010 <= 00000050
                  90@00003020: $16 <= 0000004c
                 100@00003024: *00000014 <= 0000004c
                 110@00003028: $16 <= 00000044
                 120@0000302c: *00000018 <= 00000044
                 130@00003030: $16 <= 00000038
                 140@00003034: *0000001c <= 00000038
                 150@00003038: $16 <= 0000006c
                 160@0000303c: *00000020 <= 0000006c
                 170@00003040: $16 <= 00000040
                 180@00003044: *00000024 <= 00000040
                 190@00003048: $16 <= 00000004
                 200@0000304c: *00000028 <= 00000004
                 210@00003050: $16 <= 00000010
                 220@00003054: *0000002c <= 00000010
                 230@00003058: $16 <= 00000074
                 240@0000305c: *00000030 <= 00000074
                 250@00003060: $16 <= 0000001c
                 260@00003064: *00000034 <= 0000001c
                 270@00003068: $16 <= 00000060
                 280@0000306c: *00000038 <= 00000060
                 290@00003070: $16 <= 0000002c
                 300@00003074: *0000003c <= 0000002c
                 310@00003078: $16 <= 00000008
                 320@0000307c: *00000040 <= 00000008
                 330@00003080: $16 <= 00000014
                 340@00003084: *00000044 <= 00000014
                 350@00003088: $16 <= 00000028
                 360@0000308c: *00000048 <= 00000028
                 370@00003090: $16 <= 00000058
                 380@00003094: *0000004c <= 00000058
                 390@00003098: $16 <= 00000048
                 400@0000309c: *00000050 <= 00000048
                 410@000030a0: $16 <= 00000020
                 420@000030a4: *00000054 <= 00000020
                 430@000030a8: $16 <= 00000064
                 440@000030ac: *00000058 <= 00000064
                 450@000030b0: $16 <= 00000034
                 460@000030b4: *0000005c <= 00000034
                 470@000030b8: $16 <= 00000078
                 480@000030bc: *00000060 <= 00000078
                 490@000030c0: $16 <= 00000018
                 500@000030c4: *00000064 <= 00000018
                 510@000030c8: $16 <= 0000003c
                 520@000030cc: *00000068 <= 0000003c
                 530@000030d0: $16 <= 00000054
                 540@000030d4: *0000006c <= 00000054
                 550@000030d8: $16 <= 00000070
                 560@000030dc: *00000070 <= 00000070
                 570@000030e0: $16 <= 00000030
                 580@000030e4: *00000074 <= 00000030
                 590@000030e8: $16 <= 00000024
                 600@000030ec: *00000078 <= 00000024
                 610@000030f0: $31 <= 00000018
                 620@000030f4: $31 <= 00000044
                 630@000030f8: $31 <= 00000014
                 640@000030fc: $31 <= 0000004c
                 650@00003100: $31 <= 00000058
                 670@00003108: *00001058 <= 00000058
                 680@0000310c: $31 <= 00000058
ISim P.20131013 (signature 0x7708f090)
WARNING: A WEBPACK license was found.
WARNING: Please use Xilinx License Configuration Manager to check out a full ISim license.
WARNING: ISim will run in Lite mode. Please refer to the ISim documentation for more information on the differences between the Lite and the Full version.
This is a Lite version of ISim.
# run 1000 ns
Simulator is doing circuit initialization process.
Finished circuit initialization process.
                  10@00003000: $16 <= 00000068
                  20@00003004: *00000004 <= 00000068
                  30@00003008: $16 <= 0000000c
                  40@0000300c: *00000008 <= 0000000c
                  50@00003010: $16 <= 0000005c
                  60@00003014: *0000000c <= 0000005c
                  70@00003018: $16 <= 00000050
                  80@0000301c: *00000010 <= 00000050
                  90@00003020: $16 <= 0000004c
                 100@00003024: *00000014 <= 0000004c
                 110@00003028: $16 <= 00000044
                 120@0000302c: *00000018 <= 00000044
                 130@00003030: $16 <= 00000038
                 140@00003034: *0000001c <= 00000038
                 150@00003038: $16 <= 0000006c
                 160@0000303c: *00000020 <= 0000006c
                 170@00003040: $16 <= 00000040
                 180@00003044: *00000024 <= 00000040
                 190@00003048: $16 <= 00000004
                 200@0000304c: *00000028 <= 00000004
                 210@00003050: $16 <= 00000010
                 220@00003054: *0000002c <= 00000010
                 230@00003058: $16 <= 00000074
                 240@0000305c: *00000030 <= 00000074
                 250@00003060: $16 <= 0000001c
                 260@00003064: *00000034 <= 0000001c
                 270@00003068: $16 <= 00000060
                 280@0000306c: *00000038 <= 00000060
                 290@00003070: $16 <= 0000002c
                 300@00003074: *0000003c <= 0000002c
                 310@00003078: $16 <= 00000008
                 320@0000307c: *00000040 <= 00000008
                 330@00003080: $16 <= 00000014
                 340@00003084: *00000044 <= 00000014
                 350@00003088: $16 <= 00000028
                 360@0000308c: *00000048 <= 00000028
                 370@00003090: $16 <= 00000058
                 380@00003094: *0000004c <= 00000058
                 390@00003098: $16 <= 00000048
                 400@0000309c: *00000050 <= 00000048
                 410@000030a0: $16 <= 00000020
                 420@000030a4: *00000054 <= 00000020
                 430@000030a8: $16 <= 00000064
                 440@000030ac: *00000058 <= 00000064
                 450@000030b0: $16 <= 00000034
                 460@000030b4: *0000005c <= 00000034
                 470@000030b8: $16 <= 00000078
                 480@000030bc: *00000060 <= 00000078
                 490@000030c0: $16 <= 00000018
                 500@000030c4: *00000064 <= 00000018
                 510@000030c8: $16 <= 0000003c
                 520@000030cc: *00000068 <= 0000003c
                 530@000030d0: $16 <= 00000054
                 540@000030d4: *0000006c <= 00000054
                 550@000030d8: $16 <= 00000070
                 560@000030dc: *00000070 <= 00000070
                 570@000030e0: $16 <= 00000030
                 580@000030e4: *00000074 <= 00000030
                 590@000030e8: $16 <= 00000024
                 600@000030ec: *00000078 <= 00000024
                 610@000030f0: $31 <= 00000018
                 620@000030f4: $31 <= 00000044
                 630@000030f8: $31 <= 00000014
                 640@000030fc: $31 <= 0000004c
                 650@00003100: $31 <= 00000058
                 670@00003108: *00001058 <= 00000058
                 680@0000310c: $31 <= 00000058
ISim P.20131013 (signature 0x7708f090)
WARNING: A WEBPACK license was found.
WARNING: Please use Xilinx License Configuration Manager to check out a full ISim license.
WARNING: ISim will run in Lite mode. Please refer to the ISim documentation for more information on the differences between the Lite and the Full version.
This is a Lite version of ISim.
# run 1000 ns
Simulator is doing circuit initialization process.
Finished circuit initialization process.
                  10@00003000: $16 <= 00000068
                  20@00003004: *00000004 <= 00000068
                  30@00003008: $16 <= 0000000c
                  40@0000300c: *00000008 <= 0000000c
                  50@00003010: $16 <= 0000005c
                  60@00003014: *0000000c <= 0000005c
                  70@00003018: $16 <= 00000050
                  80@0000301c: *00000010 <= 00000050
                  90@00003020: $16 <= 0000004c
                 100@00003024: *00000014 <= 0000004c
                 110@00003028: $16 <= 00000044
                 120@0000302c: *00000018 <= 00000044
                 130@00003030: $16 <= 00000038
                 140@00003034: *0000001c <= 00000038
                 150@00003038: $16 <= 0000006c
                 160@0000303c: *00000020 <= 0000006c
                 170@00003040: $16 <= 00000040
                 180@00003044: *00000024 <= 00000040
                 190@00003048: $16 <= 00000004
                 200@0000304c: *00000028 <= 00000004
                 210@00003050: $16 <= 00000010
                 220@00003054: *0000002c <= 00000010
                 230@00003058: $16 <= 00000074
                 240@0000305c: *00000030 <= 00000074
                 250@00003060: $16 <= 0000001c
                 260@00003064: *00000034 <= 0000001c
                 270@00003068: $16 <= 00000060
                 280@0000306c: *00000038 <= 00000060
                 290@00003070: $16 <= 0000002c
                 300@00003074: *0000003c <= 0000002c
                 310@00003078: $16 <= 00000008
                 320@0000307c: *00000040 <= 00000008
                 330@00003080: $16 <= 00000014
                 340@00003084: *00000044 <= 00000014
                 350@00003088: $16 <= 00000028
                 360@0000308c: *00000048 <= 00000028
                 370@00003090: $16 <= 00000058
                 380@00003094: *0000004c <= 00000058
                 390@00003098: $16 <= 00000048
                 400@0000309c: *00000050 <= 00000048
                 410@000030a0: $16 <= 00000020
                 420@000030a4: *00000054 <= 00000020
                 430@000030a8: $16 <= 00000064
                 440@000030ac: *00000058 <= 00000064
                 450@000030b0: $16 <= 00000034
                 460@000030b4: *0000005c <= 00000034
                 470@000030b8: $16 <= 00000078
                 480@000030bc: *00000060 <= 00000078
                 490@000030c0: $16 <= 00000018
                 500@000030c4: *00000064 <= 00000018
                 510@000030c8: $16 <= 0000003c
                 520@000030cc: *00000068 <= 0000003c
                 530@000030d0: $16 <= 00000054
                 540@000030d4: *0000006c <= 00000054
                 550@000030d8: $16 <= 00000070
                 560@000030dc: *00000070 <= 00000070
                 570@000030e0: $16 <= 00000030
                 580@000030e4: *00000074 <= 00000030
                 590@000030e8: $16 <= 00000024
                 600@000030ec: *00000078 <= 00000024
                 610@000030f0: $31 <= 00000018
                 620@000030f4: $31 <= 00000044
                 630@000030f8: $31 <= 00000014
                 640@000030fc: $31 <= 0000004c
                 650@00003100: $31 <= 00000058
                 670@00003108: *00001058 <= 00000058
                 680@0000310c: $31 <= 00000058
ISim P.20131013 (signature 0x7708f090)
WARNING: A WEBPACK license was found.
WARNING: Please use Xilinx License Configuration Manager to check out a full ISim license.
WARNING: ISim will run in Lite mode. Please refer to the ISim documentation for more information on the differences between the Lite and the Full version.
This is a Lite version of ISim.
# run 1000 ns
Simulator is doing circuit initialization process.
Finished circuit initialization process.
                  10@00003000: $16 <= 00000068
                  20@00003004: *00000004 <= 00000068
                  30@00003008: $16 <= 0000000c
                  40@0000300c: *00000008 <= 0000000c
                  50@00003010: $16 <= 0000005c
                  60@00003014: *0000000c <= 0000005c
                  70@00003018: $16 <= 00000050
                  80@0000301c: *00000010 <= 00000050
                  90@00003020: $16 <= 0000004c
                 100@00003024: *00000014 <= 0000004c
                 110@00003028: $16 <= 00000044
                 120@0000302c: *00000018 <= 00000044
                 130@00003030: $16 <= 00000038
                 140@00003034: *0000001c <= 00000038
                 150@00003038: $16 <= 0000006c
                 160@0000303c: *00000020 <= 0000006c
                 170@00003040: $16 <= 00000040
                 180@00003044: *00000024 <= 00000040
                 190@00003048: $16 <= 00000004
                 200@0000304c: *00000028 <= 00000004
                 210@00003050: $16 <= 00000010
                 220@00003054: *0000002c <= 00000010
                 230@00003058: $16 <= 00000074
                 240@0000305c: *00000030 <= 00000074
                 250@00003060: $16 <= 0000001c
                 260@00003064: *00000034 <= 0000001c
                 270@00003068: $16 <= 00000060
                 280@0000306c: *00000038 <= 00000060
                 290@00003070: $16 <= 0000002c
                 300@00003074: *0000003c <= 0000002c
                 310@00003078: $16 <= 00000008
                 320@0000307c: *00000040 <= 00000008
                 330@00003080: $16 <= 00000014
                 340@00003084: *00000044 <= 00000014
                 350@00003088: $16 <= 00000028
                 360@0000308c: *00000048 <= 00000028
                 370@00003090: $16 <= 00000058
                 380@00003094: *0000004c <= 00000058
                 390@00003098: $16 <= 00000048
                 400@0000309c: *00000050 <= 00000048
                 410@000030a0: $16 <= 00000020
                 420@000030a4: *00000054 <= 00000020
                 430@000030a8: $16 <= 00000064
                 440@000030ac: *00000058 <= 00000064
                 450@000030b0: $16 <= 00000034
                 460@000030b4: *0000005c <= 00000034
                 470@000030b8: $16 <= 00000078
                 480@000030bc: *00000060 <= 00000078
                 490@000030c0: $16 <= 00000018
                 500@000030c4: *00000064 <= 00000018
                 510@000030c8: $16 <= 0000003c
                 520@000030cc: *00000068 <= 0000003c
                 530@000030d0: $16 <= 00000054
                 540@000030d4: *0000006c <= 00000054
                 550@000030d8: $16 <= 00000070
                 560@000030dc: *00000070 <= 00000070
                 570@000030e0: $16 <= 00000030
                 580@000030e4: *00000074 <= 00000030
                 590@000030e8: $16 <= 00000024
                 600@000030ec: *00000078 <= 00000024
                 610@000030f0: $31 <= 00000018
                 620@000030f4: $31 <= 00000044
                 630@000030f8: $31 <= 00000014
                 640@000030fc: $31 <= 0000004c
                 650@00003100: $31 <= 00000058
                 670@00003108: *00001058 <= 00000058
                 680@0000310c: $31 <= 00000058
ISim P.20131013 (signature 0x7708f090)
WARNING: A WEBPACK license was found.
WARNING: Please use Xilinx License Configuration Manager to check out a full ISim license.
WARNING: ISim will run in Lite mode. Please refer to the ISim documentation for more information on the differences between the Lite and the Full version.
This is a Lite version of ISim.
# run 1000 ns
Simulator is doing circuit initialization process.
Finished circuit initialization process.
                  10@00003000: $16 <= 00000068
                  20@00003004: *00000004 <= 00000068
                  30@00003008: $16 <= 0000000c
                  40@0000300c: *00000008 <= 0000000c
                  50@00003010: $16 <= 0000005c
                  60@00003014: *0000000c <= 0000005c
                  70@00003018: $16 <= 00000050
                  80@0000301c: *00000010 <= 00000050
                  90@00003020: $16 <= 0000004c
                 100@00003024: *00000014 <= 0000004c
                 110@00003028: $16 <= 00000044
                 120@0000302c: *00000018 <= 00000044
                 130@00003030: $16 <= 00000038
                 140@00003034: *0000001c <= 00000038
                 150@00003038: $16 <= 0000006c
                 160@0000303c: *00000020 <= 0000006c
                 170@00003040: $16 <= 00000040
                 180@00003044: *00000024 <= 00000040
                 190@00003048: $16 <= 00000004
                 200@0000304c: *00000028 <= 00000004
                 210@00003050: $16 <= 00000010
                 220@00003054: *0000002c <= 00000010
                 230@00003058: $16 <= 00000074
                 240@0000305c: *00000030 <= 00000074
                 250@00003060: $16 <= 0000001c
                 260@00003064: *00000034 <= 0000001c
                 270@00003068: $16 <= 00000060
                 280@0000306c: *00000038 <= 00000060
                 290@00003070: $16 <= 0000002c
                 300@00003074: *0000003c <= 0000002c
                 310@00003078: $16 <= 00000008
                 320@0000307c: *00000040 <= 00000008
                 330@00003080: $16 <= 00000014
                 340@00003084: *00000044 <= 00000014
                 350@00003088: $16 <= 00000028
                 360@0000308c: *00000048 <= 00000028
                 370@00003090: $16 <= 00000058
                 380@00003094: *0000004c <= 00000058
                 390@00003098: $16 <= 00000048
                 400@0000309c: *00000050 <= 00000048
                 410@000030a0: $16 <= 00000020
                 420@000030a4: *00000054 <= 00000020
                 430@000030a8: $16 <= 00000064
                 440@000030ac: *00000058 <= 00000064
                 450@000030b0: $16 <= 00000034
                 460@000030b4: *0000005c <= 00000034
                 470@000030b8: $16 <= 00000078
                 480@000030bc: *00000060 <= 00000078
                 490@000030c0: $16 <= 00000018
                 500@000030c4: *00000064 <= 00000018
                 510@000030c8: $16 <= 0000003c
                 520@000030cc: *00000068 <= 0000003c
                 530@000030d0: $16 <= 00000054
                 540@000030d4: *0000006c <= 00000054
                 550@000030d8: $16 <= 00000070
                 560@000030dc: *00000070 <= 00000070
                 570@000030e0: $16 <= 00000030
                 580@000030e4: *00000074 <= 00000030
                 590@000030e8: $16 <= 00000024
                 600@000030ec: *00000078 <= 00000024
                 610@000030f0: $31 <= 00000018
                 620@000030f4: $31 <= 00000044
                 630@000030f8: $31 <= 00000014
                 640@000030fc: $31 <= 0000004c
                 650@00003100: $31 <= 00000058
                 670@00003108: *00001058 <= 00000058
                 680@0000310c: $31 <= 00000058
